INFO:root:Starting monitor...
INFO:root:MODIFY event : /home/ankiy/log/detect_folder/sys_statistic.json___jb_tmp___  2016-10-27 16:30:39.654922
INFO:root:Starting monitor...
ERROR:pyinotify:The pathname '/home/ankiy/log/detect_folder/sys_statistic.json' of this watch <Watch wd=1 path=/home/ankiy/log/detect_folder/sys_statistic.json mask=4095 proc_fun=None auto_add=False exclude_filter=<function <lambda> at 0x7f8e693cb500> dir=False > has probably changed and couldn't be updated, so it cannot be trusted anymore. To fix this error move directories/files only between watched parents directories, in this case e.g. put a watch on '/home/ankiy/log/detect_folder'.
INFO:root:Starting monitor...
INFO:root:MODIFY event : /home/ankiy/log/detect_folder/sys_statistic.json___jb_tmp___  2016-10-28 09:19:19.810311
INFO:root:Starting monitor...
INFO:root:Starting monitor...
INFO:root:Starting monitor...
INFO:root:CREATE event : /home/ankiy/log/detect_folder/sys_statistic.json___jb_tmp___  2016-11-03 15:40:15.037910
INFO:root:OPEN event : /home/ankiy/log/detect_folder/sys_statistic.json___jb_tmp___  2016-11-03 15:40:15.038095
INFO:root:Starting monitor...
INFO:root:OPEN event : /home/ankiy/log/detect_folder/  2016-11-03 15:41:19.261781
INFO:root:ACCESS event : /home/ankiy/log/detect_folder/  2016-11-03 15:41:19.262033
INFO:root:CLOSE_NOWRITE event : /home/ankiy/log/detect_folder/  2016-11-03 15:41:19.262149
INFO:root:DELETE event : /home/ankiy/log/detect_folder/2222  2016-11-03 15:41:19.262259
INFO:root:CREATE event : /home/ankiy/log/detect_folder/sys_statistic.json___jb_tmp___  2016-11-03 15:41:39.267863
INFO:root:OPEN event : /home/ankiy/log/detect_folder/sys_statistic.json___jb_tmp___  2016-11-03 15:41:39.268057
INFO:root:CLOSE_WRITE event : /home/ankiy/log/detect_folder/sys_statistic.json___jb_tmp___  2016-11-03 15:41:39.268176
INFO:root:IN_ATTRIB event : /home/ankiy/log/detect_folder/sys_statistic.json  2016-11-03 15:41:39.268379
INFO:root:DELETE event : /home/ankiy/log/detect_folder/sys_statistic.json___jb_old___  2016-11-03 15:41:39.268479
INFO:root:OPEN event : /home/ankiy/log/detect_folder/  2016-11-03 15:41:59.287520
INFO:root:ACCESS event : /home/ankiy/log/detect_folder/  2016-11-03 15:41:59.287678
INFO:root:CLOSE_NOWRITE event : /home/ankiy/log/detect_folder/  2016-11-03 15:41:59.287768
