[2016-10-21 08:20:32] [webtask] [INFO] CMD_LOG_QUERY|m_tb_p2p|20161021
[2016-10-21 08:20:34] [webtask] [INFO] CMD_LOG_QUERY|m_tb_qq|20161021
[2016-10-21 08:20:34] [webtask] [INFO] CMD_LOG_QUERY|m_tb_telnet|20161021
[2016-10-21 08:20:48] [webtask] [INFO] CMD_LOG_QUERY|m_tb_telnet|20161021
[2016-10-21 08:21:31] [webtask] [INFO] CMD_LOG_QUERY|m_tb_qq|20161021
[2016-10-21 08:21:38] [webtask] [INFO] CMD_LOG_QUERY|m_tb_proxy|20161021
[2016-10-21 08:21:41] [webtask] [INFO] CMD_LOG_QUERY|m_tb_proxy|20161021
[2016-10-21 08:21:46] [webtask] [INFO] CMD_LOG_QUERY|m_tb_http_url_log_overseas|20161021
[2016-10-21 08:21:47] [webtask] [INFO] CMD_LOG_QUERY|m_tb_http_url_log|20161021
[2016-10-21 08:21:49] [webtask] [INFO] CMD_LOG_QUERY|m_tb_http_url_log|20161021
[2016-10-21 08:21:57] [webtask] [INFO] CMD_LOG_QUERY|m_tb_http_shopping|20161021
[2016-10-21 08:22:00] [webtask] [INFO] CMD_LOG_QUERY|m_tb_http_weibo|20161021
[2016-10-21 08:22:01] [webtask] [INFO] CMD_LOG_QUERY|m_tb_http_netstore|20161021
[2016-10-21 08:22:02] [webtask] [INFO] CMD_LOG_QUERY|m_tb_http_search|20161021
[2016-10-21 08:22:05] [webtask] [INFO] CMD_LOG_QUERY|m_tb_http_webmail|20161021
[2016-10-21 08:22:06] [webtask] [INFO] CMD_LOG_QUERY|m_tb_http_blog|20161021
[2016-10-21 08:22:13] [webtask] [INFO] CMD_LOG_QUERY|m_tb_game|20161021
[2016-10-21 08:22:17] [webtask] [INFO] CMD_LOG_QUERY|m_tb_trojan|20161021
[2016-10-21 08:22:23] [webtask] [INFO] CMD_LOG_QUERY|m_tb_trojan|20161021
[2016-10-21 08:22:26] [webtask] [INFO] CMD_LOG_QUERY|m_tb_telnet|20161021
[2016-10-21 08:23:03] [webtask] [INFO] CMD_LOG_QUERY|m_tb_telnet|20161021
[2016-10-21 08:23:04] [webtask] [INFO] CMD_LOG_QUERY|m_tb_telnet|20161021
[2016-10-21 08:23:05] [webtask] [INFO] CMD_LOG_QUERY|m_tb_telnet|20161021
[2016-10-21 08:23:05] [webtask] [INFO] CMD_LOG_QUERY|m_tb_telnet|20161021
[2016-10-21 08:23:07] [webtask] [INFO] CMD_LOG_QUERY|m_tb_telnet|20161021
[2016-10-21 08:23:12] [webtask] [INFO] CMD_LOG_QUERY|m_tb_p2p|20161021
[2016-10-21 08:23:19] [webtask] [INFO] CMD_LOG_QUERY|m_tb_p2p|20161021
[2016-10-21 08:23:25] [webtask] [INFO] CMD_LOG_QUERY|m_tb_sql_log|20161021
[2016-10-21 08:23:27] [webtask] [INFO] CMD_LOG_QUERY|m_tb_sql_log|20161021
[2016-10-21 08:23:47] [webtask] [INFO] CMD_LOG_QUERY|m_tb_sql_log|20161021
[2016-10-21 08:23:55] [webtask] [INFO] CMD_LOG_QUERY|m_tb_sql_log|20161021
[2016-10-21 08:24:17] [webtask] [INFO] CMD_LOG_QUERY|m_tb_game|20161021
[2016-10-21 08:24:30] [webtask] [INFO] CMD_LOG_QUERY|m_tb_ftp_log_overseas|20161021
[2016-10-21 08:24:32] [webtask] [INFO] CMD_LOG_QUERY|m_tb_http_url_log_overseas|20161021
[2016-10-21 08:24:33] [webtask] [INFO] CMD_LOG_QUERY|m_tb_ftp_log|20161021
[2016-10-21 08:24:38] [webtask] [INFO] CMD_LOG_QUERY|m_tb_http_weibo|20161021
[2016-10-21 08:24:38] [webtask] [INFO] CMD_LOG_QUERY|m_tb_http_search|20161021
[2016-10-21 08:24:40] [webtask] [INFO] CMD_LOG_QUERY|m_tb_http_webmail|20161021
[2016-10-21 08:24:41] [webtask] [INFO] CMD_LOG_QUERY|m_tb_http_blog|20161021
[2016-10-21 08:25:50] [webtask] [INFO] CMD_LOG_QUERY|m_tb_http_video|20161021
[2016-10-21 08:25:52] [webtask] [INFO] CMD_LOG_QUERY|m_tb_http_url_log|20161021
[2016-10-21 08:27:09] [webtask] [INFO] CMD_LOG_QUERY|m_tb_http_url_log_overseas|20161021
[2016-10-21 08:27:09] [webtask] [INFO] CMD_LOG_QUERY|m_tb_ftp_log|20161021
[2016-10-21 08:27:10] [webtask] [INFO] CMD_LOG_QUERY|m_tb_ftp_log_overseas|20161021
[2016-10-21 08:27:26] [webtask] [INFO] CMD_LOG_QUERY|m_tb_sql_log|20161021
[2016-10-21 08:27:27] [webtask] [INFO] CMD_LOG_QUERY|m_tb_trojan|20161021
[2016-10-21 08:27:41] [webtask] [INFO] CMD_LOG_QUERY|m_tb_trojan|20161021
[2016-10-21 08:27:47] [webtask] [INFO] CMD_LOG_QUERY|m_tb_trojan|20161021
[2016-10-21 08:27:51] [webtask] [INFO] CMD_LOG_QUERY|m_tb_trojan|20161021
[2016-10-21 08:27:59] [webtask] [INFO] CMD_LOG_QUERY|m_tb_trojan|20161021
[2016-10-21 08:28:05] [webtask] [INFO] CMD_LOG_QUERY|m_tb_trojan|20161021
[2016-10-21 08:28:17] [webtask] [INFO] CMD_LOG_QUERY|m_tb_trojan|20161021
[2016-10-21 08:28:27] [webtask] [INFO] CMD_LOG_QUERY|m_tb_trojan|20161021
[2016-10-21 08:28:53] [webtask] [INFO] CMD_LOG_QUERY|m_tb_trojan|20161021
[2016-10-21 08:28:58] [webtask] [INFO] CMD_LOG_QUERY|m_tb_trojan|20161021
[2016-10-21 08:29:36] [webtask] [INFO] CMD_LOG_QUERY|m_tb_telnet|20161021
[2016-10-21 08:29:58] [webtask] [INFO] CMD_LOG_QUERY|m_tb_http_weibo|20161021
[2016-10-21 08:29:58] [webtask] [INFO] CMD_LOG_QUERY|m_tb_http_search|20161021
[2016-10-21 08:29:58] [webtask] [INFO] CMD_LOG_QUERY|m_tb_http_blog|20161021
[2016-10-21 08:29:59] [webtask] [INFO] CMD_LOG_QUERY|m_tb_http_webmail|20161021
[2016-10-21 08:30:11] [webtask] [INFO] CMD_LOG_QUERY|m_tb_http_netstore|20161021
[2016-10-21 08:30:12] [webtask] [INFO] CMD_LOG_QUERY|m_tb_http_bbs|20161021
[2016-10-21 08:30:13] [webtask] [INFO] CMD_LOG_QUERY|m_tb_http_shopping|20161021
[2016-10-21 08:30:14] [webtask] [INFO] CMD_LOG_QUERY|m_tb_http_video|20161021
[2016-10-21 08:30:21] [webtask] [INFO] CMD_LOG_QUERY|m_tb_http_url_log|20161021
[2016-10-21 08:30:21] [webtask] [INFO] CMD_LOG_QUERY|m_tb_http_url_log_overseas|20161021
[2016-10-21 08:30:25] [webtask] [INFO] CMD_LOG_QUERY|m_tb_sql_log|20161021
[2016-10-21 08:30:28] [webtask] [INFO] CMD_LOG_QUERY|m_tb_sql_log_oversea|20161021
[2016-10-21 09:22:13] [webtask] [INFO] CMD_LOG_QUERY|m_tb_http_webmail|20161021
[2016-10-21 09:22:15] [webtask] [INFO] CMD_LOG_QUERY|m_tb_http_webmail|20161021
[2016-10-21 09:22:17] [webtask] [INFO] CMD_LOG_QUERY|m_tb_http_webmail|20161021
[2016-10-21 09:22:51] [webtask] [INFO] CMD_LOG_QUERY|m_tb_http_webmail|20161021
[2016-10-21 09:22:52] [webtask] [INFO] CMD_LOG_QUERY|m_tb_http_webmail|20161021
[2016-10-21 09:24:58] [webtask] [INFO] CMD_LOG_QUERY|m_tb_http_webmail|20161021
[2016-10-21 09:24:59] [webtask] [INFO] CMD_LOG_QUERY|m_tb_http_webmail|20161021
[2016-10-21 09:25:16] [webtask] [INFO] CMD_LOG_QUERY|m_tb_http_webmail|20161021
[2016-10-21 09:25:18] [webtask] [INFO] CMD_LOG_QUERY|m_tb_http_webmail|20161021
[2016-10-21 09:27:54] [webtask] [INFO] CMD_LOG_QUERY|m_tb_http_webmail|20161021
[2016-10-21 09:27:55] [webtask] [INFO] CMD_LOG_QUERY|m_tb_http_webmail|20161021
[2016-10-21 09:28:39] [webtask] [INFO] CMD_LOG_QUERY|m_tb_http_webmail|20161021
[2016-10-21 09:28:40] [webtask] [INFO] CMD_LOG_QUERY|m_tb_http_webmail|20161021
[2016-10-21 09:29:28] [webtask] [INFO] CMD_LOG_QUERY|m_tb_http_webmail|20161021
[2016-10-21 09:29:29] [webtask] [INFO] CMD_LOG_QUERY|m_tb_http_webmail|20161021
[2016-10-21 09:30:13] [webtask] [INFO] CMD_LOG_QUERY|m_tb_http_webmail|20161021
[2016-10-21 09:30:14] [webtask] [INFO] CMD_LOG_QUERY|m_tb_http_webmail|20161021
[2016-10-21 09:30:33] [webtask] [INFO] CMD_LOG_QUERY|m_tb_http_webmail|20161021
[2016-10-21 09:30:34] [webtask] [INFO] CMD_LOG_QUERY|m_tb_http_webmail|20161021
[2016-10-21 09:31:05] [webtask] [INFO] CMD_LOG_QUERY|m_tb_http_webmail|20161021
[2016-10-21 09:31:06] [webtask] [INFO] CMD_LOG_QUERY|m_tb_http_webmail|20161021
[2016-10-21 09:36:04] [webtask] [INFO] CMD_LOG_QUERY|m_tb_http_webmail|20161021
[2016-10-21 09:36:05] [webtask] [INFO] CMD_LOG_QUERY|m_tb_http_webmail|20161021
[2016-10-21 09:41:53] [webtask] [INFO] CMD_LOG_QUERY|m_tb_http_webmail|20161021
[2016-10-21 09:41:55] [webtask] [INFO] CMD_LOG_QUERY|m_tb_http_webmail|20161021
[2016-10-21 09:41:56] [webtask] [INFO] CMD_LOG_QUERY|m_tb_http_webmail|20161021
[2016-10-21 09:42:35] [webtask] [INFO] CMD_LOG_QUERY|m_tb_http_webmail|20161021
[2016-10-21 09:42:36] [webtask] [INFO] CMD_LOG_QUERY|m_tb_http_webmail|20161021
[2016-10-21 09:43:06] [webtask] [INFO] CMD_LOG_QUERY|m_tb_http_webmail|20161021
[2016-10-21 09:43:07] [webtask] [INFO] CMD_LOG_QUERY|m_tb_http_webmail|20161021
[2016-10-21 09:44:20] [webtask] [INFO] CMD_LOG_QUERY|m_tb_http_webmail|20161021
[2016-10-21 09:44:21] [webtask] [INFO] CMD_LOG_QUERY|m_tb_http_bbs|20161021
[2016-10-21 09:44:22] [webtask] [INFO] CMD_LOG_QUERY|m_tb_http_shopping|20161021
[2016-10-21 09:44:23] [webtask] [INFO] CMD_LOG_QUERY|m_tb_http_video|20161021
[2016-10-21 09:44:29] [webtask] [INFO] CMD_LOG_QUERY|m_tb_http_url_log|20161021
[2016-10-21 09:44:31] [webtask] [INFO] CMD_LOG_QUERY|m_tb_ftp_log|20161021
[2016-10-21 09:44:33] [webtask] [INFO] CMD_LOG_QUERY|m_tb_ftp_log_overseas|20161021
[2016-10-21 09:44:34] [webtask] [INFO] CMD_LOG_QUERY|m_tb_sql_log|20161021
[2016-10-21 09:45:11] [webtask] [INFO] CMD_LOG_QUERY|m_tb_http_webmail|20161021
[2016-10-21 09:45:13] [webtask] [INFO] CMD_LOG_QUERY|m_tb_proxy|20161021
[2016-10-21 09:45:13] [webtask] [INFO] CMD_LOG_QUERY|m_tb_http_webmail|20161021
[2016-10-21 09:46:16] [webtask] [INFO] CMD_LOG_QUERY|m_tb_http_webmail|20161021
[2016-10-21 09:46:18] [webtask] [INFO] CMD_LOG_QUERY|m_tb_http_webmail|20161021
[2016-10-21 09:46:29] [webtask] [INFO] CMD_NIC_FLUSH
[2016-10-21 09:46:32] [webtask] [INFO] CMD_CONIFG_INTERFACE|enable|{"id":83,"sPortName":"vEth5","sNetMask":"","sWorkMode":"route","iByManagement":"0","iAllowPing":"0","iAllowTraceRoute":"0","iAllowFlow":"0","iIPV4ConnectionType":1,"sIPV4Address":"192.168.4.2\/24","sIPV4NextJump":"","iIPV6ConnectionType":"","sIPV6Address":"","sIPV6NextJump":"","iStatus":1,"exStatus":"0"}
[2016-10-21 09:46:32] [webtask] [INFO] CMD_NIC_FLUSH
[2016-10-21 09:46:35] [webtask] [INFO] CMD_LOG_QUERY|m_tb_proxy|20161021
[2016-10-21 09:46:49] [webtask] [INFO] CMD_LOG_QUERY|m_tb_http_webmail|20161021
[2016-10-21 09:46:50] [webtask] [INFO] CMD_LOG_QUERY|m_tb_http_webmail|20161021
[2016-10-21 09:46:53] [webtask] [INFO] CMD_LOG_QUERY|m_tb_http_url_log_overseas|20161021
[2016-10-21 09:46:54] [webtask] [INFO] CMD_LOG_QUERY|m_tb_http_shopping|20161021
[2016-10-21 09:46:55] [webtask] [INFO] CMD_LOG_QUERY|m_tb_http_bbs|20161021
[2016-10-21 09:46:56] [webtask] [INFO] CMD_LOG_QUERY|m_tb_http_netstore|20161021
[2016-10-21 09:46:57] [webtask] [INFO] CMD_LOG_QUERY|m_tb_http_weibo|20161021
[2016-10-21 09:46:58] [webtask] [INFO] CMD_LOG_QUERY|m_tb_http_search|20161021
[2016-10-21 09:47:12] [webtask] [INFO] CMD_LOG_QUERY|m_tb_game|20161021
[2016-10-21 09:47:13] [webtask] [INFO] CMD_LOG_QUERY|m_tb_trojan|20161021
[2016-10-21 09:47:22] [webtask] [INFO] CMD_LOG_QUERY|m_tb_telnet|20161021
[2016-10-21 09:47:23] [webtask] [INFO] CMD_LOG_QUERY|m_tb_qq|20161021
[2016-10-21 09:47:25] [webtask] [INFO] CMD_LOG_QUERY|m_tb_p2p|20161021
[2016-10-21 09:47:52] [webtask] [INFO] CMD_LOG_QUERY|m_tb_http_webmail|20161021
[2016-10-21 09:47:52] [webtask] [INFO] CMD_LOG_QUERY|m_tb_http_url_log|20161021
[2016-10-21 09:47:53] [webtask] [INFO] CMD_LOG_QUERY|m_tb_http_webmail|20161021
[2016-10-21 09:47:56] [webtask] [INFO] CMD_LOG_QUERY|m_tb_ftp_log|20161021
[2016-10-21 09:47:58] [webtask] [INFO] CMD_LOG_QUERY|m_tb_sql_log|20161021
[2016-10-21 09:47:58] [webtask] [INFO] CMD_LOG_QUERY|m_tb_ftp_log_overseas|20161021
[2016-10-21 09:48:00] [webtask] [INFO] CMD_LOG_QUERY|m_tb_sql_log_oversea|20161021
[2016-10-21 09:48:01] [webtask] [INFO] CMD_LOG_QUERY|m_tb_proxy|20161021
[2016-10-21 09:48:04] [webtask] [INFO] CMD_LOG_QUERY|m_tb_qq|20161021
[2016-10-21 09:48:05] [webtask] [INFO] CMD_LOG_QUERY|m_tb_telnet|20161021
[2016-10-21 09:48:08] [webtask] [INFO] CMD_LOG_QUERY|m_tb_trojan|20161021
[2016-10-21 09:49:04] [webtask] [INFO] CMD_GUIDE|'guide'
[2016-10-21 09:50:17] [webtask] [INFO] CMD_LOG_QUERY|m_tb_http_webmail|20161021
[2016-10-21 09:50:18] [webtask] [INFO] CMD_LOG_QUERY|m_tb_http_webmail|20161021
[2016-10-21 09:50:37] [webtask] [INFO] CMD_LOG_QUERY|m_tb_http_webmail|20161021
[2016-10-21 09:50:38] [webtask] [INFO] CMD_LOG_QUERY|m_tb_http_webmail|20161021
[2016-10-21 09:52:35] [webtask] [INFO] CMD_LOG_QUERY|m_tb_http_webmail|20161021
[2016-10-21 09:52:36] [webtask] [INFO] CMD_LOG_QUERY|m_tb_http_webmail|20161021
[2016-10-21 09:56:52] [webtask] [INFO] CMD_LOG_QUERY|m_tb_http_webmail|20161021
[2016-10-21 09:56:53] [webtask] [INFO] CMD_LOG_QUERY|m_tb_http_webmail|20161021
[2016-10-21 09:58:30] [webtask] [INFO] CMD_LOG_QUERY|m_tb_http_search|20161021
[2016-10-21 09:58:48] [webtask] [INFO] CMD_LOG_QUERY|m_tb_http_url_log_overseas|20161021
[2016-10-21 09:58:48] [webtask] [INFO] CMD_LOG_QUERY|m_tb_ftp_log|20161021
[2016-10-21 09:58:49] [webtask] [INFO] CMD_LOG_QUERY|m_tb_ftp_log_overseas|20161021
[2016-10-21 09:59:31] [webtask] [INFO] CMD_LOG_QUERY|m_tb_sql_log|20161021
[2016-10-21 10:03:11] [webtask] [INFO] CMD_LOG_QUERY|m_tb_http_webmail|20161021
[2016-10-21 10:03:13] [webtask] [INFO] CMD_LOG_QUERY|m_tb_http_webmail|20161021
[2016-10-21 10:03:20] [webtask] [INFO] CMD_LOG_QUERY|m_tb_http_webmail|20161021
[2016-10-21 10:03:23] [webtask] [INFO] CMD_LOG_QUERY|m_tb_http_webmail|20161021
[2016-10-21 10:03:43] [webtask] [INFO] CMD_LOG_QUERY|m_tb_http_webmail|20161021
[2016-10-21 10:04:02] [webtask] [INFO] CMD_LOG_QUERY|m_tb_http_webmail|20161021
[2016-10-21 10:04:04] [webtask] [INFO] CMD_LOG_QUERY|m_tb_http_webmail|20161021
[2016-10-21 10:18:31] [webtask] [INFO] CMD_LOG_QUERY|m_tb_proxy|20161021
[2016-10-21 10:18:34] [webtask] [INFO] CMD_LOG_QUERY|m_tb_proxy|20161021
[2016-10-21 10:18:38] [webtask] [INFO] CMD_LOG_QUERY|m_tb_proxy|20161021
[2016-10-21 10:18:48] [webtask] [INFO] CMD_LOG_QUERY|m_tb_proxy|20161021
[2016-10-21 10:18:50] [webtask] [INFO] CMD_LOG_QUERY|m_tb_proxy|20161021
[2016-10-21 10:18:57] [webtask] [INFO] CMD_LOG_QUERY|m_tb_proxy|20161021
[2016-10-21 10:23:32] [webtask] [INFO] CMD_LOG_QUERY|m_tb_proxy|20161021
[2016-10-21 10:23:45] [webtask] [INFO] CMD_LOG_QUERY|m_tb_proxy|20161021
[2016-10-21 10:25:55] [webtask] [INFO] CMD_LOG_QUERY|m_tb_proxy|20161021
[2016-10-21 10:34:24] [webtask] [INFO] CMD_LOG_QUERY|m_tb_proxy|20161021
[2016-10-21 10:35:45] [webtask] [INFO] CMD_REVCAMERA|refresh|
[2016-10-21 10:35:49] [webtask] [INFO] CMD_REVCAMERA|start|{"content":"","src":"","state":"","task_num":"","queue_num":"","Revcamerafile":"revcamera_1477017348.conf"}
[2016-10-21 10:35:51] [webtask] [INFO] CMD_REVCAMERA|refresh|
[2016-10-21 10:35:53] [webtask] [INFO] CMD_REVCAMERA|refresh|
[2016-10-21 10:37:27] [webtask] [INFO] CMD_REVCAMERA|refresh|
[2016-10-21 11:11:49] [webtask] [INFO] CMD_LOG_QUERY|m_tb_proxy_overseas|20161021
[2016-10-21 11:12:54] [webtask] [INFO] CMD_LOG_QUERY|m_tb_proxy_overseas|20161021
[2016-10-21 11:16:58] [webtask] [INFO] CMD_LOG_QUERY|m_tb_proxy|20161021
[2016-10-21 11:23:57] [webtask] [INFO] CMD_LOG_QUERY|m_tb_proxy_overseas|20161021
[2016-10-21 11:24:28] [webtask] [INFO] CMD_LOG_QUERY|m_tb_proxy_overseas|20161021
[2016-10-21 11:30:28] [webtask] [INFO] CMD_LOG_QUERY|m_tb_proxy_overseas|20161021
[2016-10-21 14:15:21] [webtask] [INFO] CMD_LOG_QUERY|m_tb_proxy_overseas|20161021
[2016-10-21 14:17:47] [webtask] [INFO] CMD_LOG_QUERY|m_tb_proxy_overseas|20161021
[2016-10-21 14:18:02] [webtask] [INFO] CMD_LOG_QUERY|m_tb_proxy_overseas|20161021
[2016-10-21 14:18:12] [webtask] [INFO] CMD_LOG_QUERY|m_tb_proxy_overseas|20161021
[2016-10-21 14:18:33] [webtask] [INFO] CMD_LOG_QUERY|m_tb_proxy_overseas|20161021
[2016-10-21 14:26:41] [webtask] [INFO] CMD_LOG_QUERY|m_tb_proxy_overseas|20161021
[2016-10-21 14:26:45] [webtask] [INFO] CMD_GUIDE|'guide'
[2016-10-21 14:27:15] [webtask] [INFO] CMD_LOG_QUERY|m_tb_proxy_overseas|20161021
[2016-10-21 14:27:36] [webtask] [INFO] CMD_LOG_QUERY|m_tb_proxy_overseas|20161021
[2016-10-21 14:29:26] [webtask] [INFO] CMD_LOG_QUERY|m_tb_p2p|20161021
[2016-10-21 14:29:26] [webtask] [INFO] CMD_LOG_QUERY|m_tb_qq|20161021
[2016-10-21 14:29:28] [webtask] [INFO] CMD_LOG_QUERY|m_tb_proxy|20161021
[2016-10-21 14:30:28] [webtask] [INFO] CMD_LOG_QUERY|m_tb_http_netstore|20161021
[2016-10-21 14:30:29] [webtask] [INFO] CMD_LOG_QUERY|m_tb_http_bbs|20161021
[2016-10-21 14:30:31] [webtask] [INFO] CMD_LOG_QUERY|m_tb_http_search|20161021
[2016-10-21 14:30:45] [webtask] [INFO] CMD_LOG_QUERY|m_tb_http_shopping|20161021
[2016-10-21 14:30:45] [webtask] [INFO] CMD_LOG_QUERY|m_tb_http_video|20161021
[2016-10-21 14:31:12] [webtask] [INFO] CMD_LOG_QUERY|m_tb_sql_log|20161021
[2016-10-21 14:31:16] [webtask] [INFO] CMD_LOG_QUERY|m_tb_sql_log|20161021
[2016-10-21 14:31:36] [webtask] [INFO] CMD_LOG_QUERY|m_tb_qq|20161021
[2016-10-21 14:31:37] [webtask] [INFO] CMD_LOG_QUERY|m_tb_telnet|20161021
[2016-10-21 14:31:37] [webtask] [INFO] CMD_LOG_QUERY|m_tb_game|20161021
[2016-10-21 14:32:20] [webtask] [INFO] CMD_LOG_QUERY|m_tblog_wifi_audit|20161021
[2016-10-21 14:32:28] [webtask] [INFO] CMD_LOG_QUERY|m_tb_p2p|20161021
[2016-10-21 14:32:52] [webtask] [INFO] CMD_LOG_QUERY|m_tb_trojan|20161021
[2016-10-21 14:33:05] [webtask] [INFO] CMD_LOG_QUERY|m_tb_telnet|20161021
[2016-10-21 14:33:23] [webtask] [INFO] CMD_LOG_QUERY|m_tb_proxy|20161021
[2016-10-21 14:33:28] [webtask] [INFO] CMD_LOG_QUERY|m_tb_proxy|20161021
[2016-10-21 14:34:20] [webtask] [INFO] CMD_NIC_FLUSH
[2016-10-21 14:35:59] [webtask] [INFO] CMD_LOG_QUERY|m_tb_http_webmail|20161021
[2016-10-21 14:36:02] [webtask] [INFO] CMD_LOG_QUERY|m_tb_http_webmail|20161021
[2016-10-21 14:38:23] [webtask] [INFO] CMD_LOG_QUERY|m_tb_proxy|20161021
[2016-10-21 14:38:25] [webtask] [INFO] CMD_LOG_QUERY|m_tb_proxy|20161021
[2016-10-21 14:38:30] [webtask] [INFO] CMD_LOG_QUERY|m_tb_proxy_overseas|20161021
[2016-10-21 14:38:32] [webtask] [INFO] CMD_LOG_QUERY|m_tb_proxy|20161021
[2016-10-21 14:39:09] [webtask] [INFO] CMD_LOG_QUERY|m_tb_sql_log_oversea|20161021
[2016-10-21 14:39:21] [webtask] [INFO] CMD_LOG_QUERY|m_tb_http_webmail|20161021
[2016-10-21 14:39:48] [webtask] [INFO] CMD_LOG_QUERY|m_tb_telnet|20161021
[2016-10-21 14:41:19] [webtask] [INFO] CMD_LOG_QUERY|m_tb_http_blog|20161021
[2016-10-21 14:41:30] [webtask] [INFO] CMD_LOG_QUERY|m_tb_telnet|20161021
[2016-10-21 14:41:35] [webtask] [INFO] CMD_LOG_QUERY|m_tb_telnet|20161021
[2016-10-21 14:41:41] [webtask] [INFO] CMD_LOG_QUERY|m_tb_telnet|20161021
[2016-10-21 14:41:46] [webtask] [INFO] CMD_LOG_QUERY|m_tb_proxy_overseas|20161021
[2016-10-21 14:41:47] [webtask] [INFO] CMD_LOG_QUERY|m_tb_proxy_overseas|20161021
[2016-10-21 14:41:47] [webtask] [INFO] CMD_LOG_QUERY|m_tb_telnet|20161021
[2016-10-21 14:41:48] [webtask] [INFO] CMD_LOG_QUERY|m_tb_proxy_overseas|20161021
[2016-10-21 14:42:21] [webtask] [INFO] CMD_LOG_QUERY|m_tb_proxy|20161021
[2016-10-21 14:42:26] [webtask] [INFO] CMD_LOG_QUERY|m_tb_proxy_overseas|20161021
[2016-10-21 14:42:48] [webtask] [INFO] CMD_LOG_QUERY|m_tb_http_search|20161021
[2016-10-21 14:42:50] [webtask] [INFO] CMD_LOG_QUERY|m_tb_http_search|20161021
[2016-10-21 14:42:53] [webtask] [INFO] CMD_LOG_QUERY|m_tb_proxy|20161021
[2016-10-21 14:42:54] [webtask] [INFO] CMD_LOG_QUERY|m_tb_proxy|20161021
[2016-10-21 14:43:02] [webtask] [INFO] CMD_LOG_QUERY|m_tb_proxy_overseas|20161021
[2016-10-21 14:43:04] [webtask] [INFO] CMD_LOG_QUERY|m_tb_proxy|20161021
[2016-10-21 14:44:07] [webtask] [INFO] CMD_LOG_QUERY|m_tb_proxy|20161021
[2016-10-21 14:44:10] [webtask] [INFO] CMD_LOG_QUERY|m_tb_proxy|20161021
[2016-10-21 14:44:17] [webtask] [INFO] CMD_LOG_QUERY|m_tb_proxy|20161021
[2016-10-21 14:44:32] [webtask] [INFO] CMD_LOG_QUERY|m_tb_http_weibo|20161021
[2016-10-21 14:44:35] [webtask] [INFO] CMD_LOG_QUERY|m_tb_http_blog|20161021
[2016-10-21 14:44:36] [webtask] [INFO] CMD_LOG_QUERY|m_tb_http_netstore|20161021
[2016-10-21 14:44:38] [webtask] [INFO] CMD_LOG_QUERY|m_tb_http_bbs|20161021
[2016-10-21 14:44:40] [webtask] [INFO] CMD_LOG_QUERY|m_tb_http_shopping|20161021
[2016-10-21 14:44:42] [webtask] [INFO] CMD_LOG_QUERY|m_tb_http_video|20161021
[2016-10-21 14:44:43] [webtask] [INFO] CMD_LOG_QUERY|m_tb_http_url_log|20161021
[2016-10-21 14:44:44] [webtask] [INFO] CMD_LOG_QUERY|m_tb_proxy|20161021
[2016-10-21 14:44:46] [webtask] [INFO] CMD_LOG_QUERY|m_tb_proxy|20161021
[2016-10-21 14:44:47] [webtask] [INFO] CMD_LOG_QUERY|m_tb_http_url_log|20161021
[2016-10-21 14:44:48] [webtask] [INFO] CMD_LOG_QUERY|m_tb_proxy|20161021
[2016-10-21 14:45:18] [webtask] [INFO] CMD_LOG_QUERY|m_tb_proxy_overseas|20161021
[2016-10-21 14:45:20] [webtask] [INFO] CMD_LOG_QUERY|m_tb_proxy_overseas|20161021
[2016-10-21 14:45:22] [webtask] [INFO] CMD_LOG_QUERY|m_tb_proxy|20161021
[2016-10-21 14:45:26] [webtask] [INFO] CMD_LOG_QUERY|m_tb_proxy|20161021
[2016-10-21 14:46:18] [webtask] [INFO] CMD_LOG_QUERY|m_tb_proxy|20161021
[2016-10-21 14:46:19] [webtask] [INFO] CMD_LOG_QUERY|m_tb_proxy|20161021
[2016-10-21 14:46:27] [webtask] [INFO] CMD_LOG_QUERY|m_tb_proxy|20161021
[2016-10-21 14:48:53] [webtask] [INFO] CMD_LOG_QUERY|m_tb_proxy|20161021
[2016-10-21 14:48:55] [webtask] [INFO] CMD_LOG_QUERY|m_tb_proxy|20161021
[2016-10-21 14:49:00] [webtask] [INFO] CMD_LOG_QUERY|m_tb_proxy_overseas|20161021
[2016-10-21 14:49:01] [webtask] [INFO] CMD_LOG_QUERY|m_tb_proxy|20161021
[2016-10-21 14:49:41] [webtask] [INFO] CMD_LOG_QUERY|m_tb_proxy|20161021
[2016-10-21 14:49:44] [webtask] [INFO] CMD_LOG_QUERY|m_tb_proxy|20161021
[2016-10-21 14:49:54] [webtask] [INFO] CMD_LOG_QUERY|m_tb_proxy_overseas|20161021
[2016-10-21 14:49:55] [webtask] [INFO] CMD_LOG_QUERY|m_tb_proxy|20161021
[2016-10-21 14:50:15] [webtask] [INFO] CMD_LOG_QUERY|m_tb_proxy|20161021
[2016-10-21 14:50:17] [webtask] [INFO] CMD_LOG_QUERY|m_tb_proxy|20161021
[2016-10-21 14:50:19] [webtask] [INFO] CMD_LOG_QUERY|m_tb_proxy|20161021
[2016-10-21 14:50:24] [webtask] [INFO] CMD_LOG_QUERY|m_tb_proxy_overseas|20161021
[2016-10-21 14:50:25] [webtask] [INFO] CMD_LOG_QUERY|m_tb_proxy|20161021
[2016-10-21 14:50:30] [webtask] [INFO] CMD_LOG_QUERY|m_tb_http_url_log_overseas|20161021
[2016-10-21 14:50:33] [webtask] [INFO] CMD_LOG_QUERY|m_tb_ftp_log|20161021
[2016-10-21 14:50:37] [webtask] [INFO] CMD_LOG_QUERY|m_tb_ftp_log|20161021
[2016-10-21 14:52:29] [webtask] [INFO] CMD_LOG_QUERY|m_tb_ftp_log_overseas|20161021
[2016-10-21 14:52:41] [webtask] [INFO] CMD_GUIDE|'guide'
[2016-10-21 14:52:50] [webtask] [INFO] CMD_LOG_QUERY|m_tb_sql_log|20161021
[2016-10-21 14:52:56] [webtask] [INFO] CMD_LOG_QUERY|m_tb_sql_log|20161021
[2016-10-21 14:53:09] [webtask] [INFO] CMD_LOG_QUERY|m_tb_sql_log_oversea|20161021
[2016-10-21 14:53:09] [webtask] [INFO] CMD_LOG_QUERY|m_tb_proxy|20161021
[2016-10-21 14:53:11] [webtask] [INFO] CMD_LOG_QUERY|m_tb_proxy|20161021
[2016-10-21 14:53:16] [webtask] [INFO] CMD_LOG_QUERY|m_tb_game|20161021
[2016-10-21 14:53:19] [webtask] [INFO] CMD_LOG_QUERY|m_tb_game|20161021
[2016-10-21 14:53:23] [webtask] [INFO] CMD_LOG_QUERY|m_tb_game|20161021
[2016-10-21 14:53:26] [webtask] [INFO] CMD_LOG_QUERY|m_tb_trojan|20161021
[2016-10-21 14:53:29] [webtask] [INFO] CMD_LOG_QUERY|m_tb_trojan|20161021
[2016-10-21 14:53:32] [webtask] [INFO] CMD_LOG_QUERY|m_tb_telnet|20161021
[2016-10-21 14:53:33] [webtask] [INFO] CMD_LOG_QUERY|m_tb_qq|20161021
[2016-10-21 14:53:56] [webtask] [INFO] CMD_LOG_QUERY|m_tb_qq|20161021
[2016-10-21 14:53:57] [webtask] [INFO] CMD_LOG_QUERY|m_tb_qq|20161021
[2016-10-21 14:53:58] [webtask] [INFO] CMD_LOG_QUERY|m_tb_qq|20161021
[2016-10-21 14:53:58] [webtask] [INFO] CMD_LOG_QUERY|m_tb_qq|20161021
[2016-10-21 14:53:59] [webtask] [INFO] CMD_LOG_QUERY|m_tb_qq|20161021
[2016-10-21 14:53:59] [webtask] [INFO] CMD_LOG_QUERY|m_tb_qq|20161021
[2016-10-21 14:54:03] [webtask] [INFO] CMD_LOG_QUERY|m_tb_qq|20161021
[2016-10-21 14:54:06] [webtask] [INFO] CMD_LOG_QUERY|m_tb_p2p|20161021
[2016-10-21 14:54:07] [webtask] [INFO] CMD_LOG_QUERY|m_tb_p2p|20161021
[2016-10-21 14:54:12] [webtask] [INFO] CMD_LOG_QUERY|m_tb_http_blog|20161021
[2016-10-21 14:54:13] [webtask] [INFO] CMD_LOG_QUERY|m_tb_http_search|20161021
[2016-10-21 14:54:14] [webtask] [INFO] CMD_LOG_QUERY|m_tb_http_webmail|20161021
[2016-10-21 14:54:20] [webtask] [INFO] CMD_LOG_QUERY|m_tb_http_weibo|20161021
[2016-10-21 14:54:23] [webtask] [INFO] CMD_LOG_QUERY|m_tb_http_bbs|20161021
[2016-10-21 14:54:29] [webtask] [INFO] CMD_LOG_QUERY|m_tb_http_shopping|20161021
[2016-10-21 14:54:35] [webtask] [INFO] CMD_LOG_QUERY|m_tb_http_video|20161021
[2016-10-21 14:54:41] [webtask] [INFO] CMD_LOG_QUERY|m_tb_http_url_log|20161021
[2016-10-21 14:54:43] [webtask] [INFO] CMD_LOG_QUERY|m_tb_http_url_log_overseas|20161021
[2016-10-21 14:54:43] [webtask] [INFO] CMD_LOG_QUERY|m_tb_ftp_log|20161021
[2016-10-21 14:54:46] [webtask] [INFO] CMD_LOG_QUERY|m_tb_proxy|20161021
[2016-10-21 14:54:47] [webtask] [INFO] CMD_LOG_QUERY|m_tb_sql_log|20161021
[2016-10-21 14:56:03] [webtask] [INFO] CMD_LOG_QUERY|m_tb_proxy|20161021
[2016-10-21 14:56:06] [webtask] [INFO] CMD_LOG_QUERY|m_tb_proxy|20161021
[2016-10-21 14:56:07] [webtask] [INFO] CMD_LOG_QUERY|m_tb_proxy|20161021
[2016-10-21 14:57:10] [webtask] [INFO] CMD_LOG_QUERY|m_tb_proxy|20161021
[2016-10-21 14:57:11] [webtask] [INFO] CMD_LOG_QUERY|m_tb_proxy|20161021
[2016-10-21 14:57:18] [webtask] [INFO] CMD_LOG_QUERY|m_tb_proxy_overseas|20161021
[2016-10-21 14:57:20] [webtask] [INFO] CMD_LOG_QUERY|m_tb_proxy|20161021
[2016-10-21 15:04:01] [webtask] [INFO] CMD_LOG_QUERY|m_tb_proxy|20161021
[2016-10-21 15:04:04] [webtask] [INFO] CMD_LOG_QUERY|m_tb_proxy|20161021
[2016-10-21 15:04:05] [webtask] [INFO] CMD_LOG_QUERY|m_tb_proxy|20161021
[2016-10-21 15:04:10] [webtask] [INFO] CMD_LOG_QUERY|m_tb_proxy_overseas|20161021
[2016-10-21 15:04:12] [webtask] [INFO] CMD_LOG_QUERY|m_tb_proxy|20161021
[2016-10-21 15:04:44] [webtask] [INFO] CMD_LOG_QUERY|m_tb_proxy|20161021
[2016-10-21 15:04:46] [webtask] [INFO] CMD_LOG_QUERY|m_tb_proxy|20161021
[2016-10-21 15:06:55] [webtask] [INFO] CMD_LOG_QUERY|m_tb_proxy|20161021
[2016-10-21 15:06:58] [webtask] [INFO] CMD_LOG_QUERY|m_tb_proxy|20161021
[2016-10-21 15:07:03] [webtask] [INFO] CMD_LOG_QUERY|m_tb_proxy_overseas|20161021
[2016-10-21 15:07:06] [webtask] [INFO] CMD_LOG_QUERY|m_tb_proxy_overseas|20161021
[2016-10-21 15:07:08] [webtask] [INFO] CMD_LOG_QUERY|m_tb_proxy|20161021
[2016-10-21 15:09:15] [webtask] [INFO] CMD_LOG_QUERY|m_tb_proxy|20161021
[2016-10-21 15:09:17] [webtask] [INFO] CMD_LOG_QUERY|m_tb_proxy|20161021
[2016-10-21 15:09:22] [webtask] [INFO] CMD_LOG_QUERY|m_tb_proxy_overseas|20161021
[2016-10-21 15:09:23] [webtask] [INFO] CMD_LOG_QUERY|m_tb_proxy|20161021
[2016-10-21 15:10:11] [webtask] [INFO] CMD_LOG_QUERY|m_tb_proxy|20161021
[2016-10-21 15:10:13] [webtask] [INFO] CMD_LOG_QUERY|m_tb_proxy|20161021
[2016-10-21 15:10:34] [webtask] [INFO] CMD_LOG_QUERY|m_tb_proxy_overseas|20161021
[2016-10-21 15:10:36] [webtask] [INFO] CMD_LOG_QUERY|m_tb_proxy|20161021
[2016-10-21 15:11:38] [webtask] [INFO] CMD_LOG_QUERY|m_tb_proxy|20161021
[2016-10-21 15:11:48] [webtask] [INFO] CMD_LOG_QUERY|m_tb_proxy_overseas|20161021
[2016-10-21 15:11:50] [webtask] [INFO] CMD_LOG_QUERY|m_tb_proxy|20161021
[2016-10-21 15:16:09] [webtask] [INFO] CMD_LOG_QUERY|m_tb_proxy|20161021
[2016-10-21 15:16:17] [webtask] [INFO] CMD_LOG_QUERY|m_tb_proxy|20161021
[2016-10-21 15:16:26] [webtask] [INFO] CMD_LOG_QUERY|m_tb_proxy_overseas|20161021
[2016-10-21 15:16:29] [webtask] [INFO] CMD_LOG_QUERY|m_tb_proxy|20161021
[2016-10-21 15:17:56] [webtask] [INFO] CMD_LOG_QUERY|m_tb_telnet|20161021
[2016-10-21 15:33:11] [webtask] [INFO] CMD_LOG_QUERY|m_tb_telnet|20161021
[2016-10-21 15:33:15] [webtask] [INFO] CMD_LOG_QUERY|m_tb_telnet|20161021
[2016-10-21 15:33:36] [webtask] [INFO] CMD_LOG_QUERY|m_tb_telnet|20161021
[2016-10-21 15:48:54] [webtask] [INFO] CMD_LOG_QUERY|m_tb_telnet|20161021
[2016-10-21 15:48:59] [webtask] [INFO] CMD_LOG_QUERY|m_tb_telnet|20161021
[2016-10-21 15:49:55] [webtask] [INFO] CMD_LOG_QUERY|m_tb_telnet|20161021
[2016-10-21 15:50:10] [webtask] [INFO] CMD_LOG_QUERY|m_tb_telnet|20161021
[2016-10-21 16:04:37] [webtask] [INFO] CMD_LOG_QUERY|m_tb_telnet|20161021
[2016-10-21 16:04:43] [webtask] [INFO] CMD_LOG_QUERY|m_tb_telnet|20161021
[2016-10-21 16:04:59] [webtask] [INFO] CMD_LOG_QUERY|m_tb_telnet|20161021
[2016-10-21 16:05:53] [webtask] [INFO] CMD_LOG_QUERY|m_tb_telnet|20161021
[2016-10-21 16:10:35] [webtask] [INFO] CMD_LOG_QUERY|m_tb_telnet|20161021
[2016-10-21 16:12:06] [webtask] [INFO] CMD_LOG_QUERY|m_tb_telnet|20161021
[2016-10-21 16:13:03] [webtask] [INFO] CMD_LOG_QUERY|m_tb_telnet|20161021
[2016-10-21 16:13:22] [webtask] [INFO] CMD_LOG_QUERY|m_tb_telnet|20161021
[2016-10-21 16:13:42] [webtask] [INFO] CMD_LOG_QUERY|m_tb_telnet|20161021
[2016-10-21 16:14:37] [webtask] [INFO] CMD_LOG_QUERY|m_tb_telnet|20161021
[2016-10-21 16:19:21] [webtask] [INFO] CMD_LOG_QUERY|m_tb_telnet|20161021
[2016-10-21 16:19:40] [webtask] [INFO] CMD_LOG_QUERY|m_tb_telnet|20161021
[2016-10-21 16:20:01] [webtask] [INFO] CMD_LOG_QUERY|m_tb_telnet|20161021
[2016-10-21 16:24:37] [webtask] [INFO] CMD_LOG_QUERY|m_tb_telnet|20161021
[2016-10-21 16:25:56] [webtask] [INFO] CMD_LOG_QUERY|m_tb_telnet|20161021
[2016-10-21 16:26:05] [webtask] [INFO] CMD_LOG_QUERY|m_tblog_firewall|20161021
[2016-10-21 16:30:50] [webtask] [INFO] CMD_LOG_QUERY|m_tb_telnet|20161021
[2016-10-21 16:31:03] [webtask] [INFO] CMD_LOG_QUERY|m_tb_telnet|20161021
[2016-10-21 16:35:50] [webtask] [INFO] CMD_LOG_QUERY|m_tb_telnet|20161021
[2016-10-21 16:40:38] [webtask] [INFO] CMD_LOG_QUERY|m_tb_telnet|20161021
[2016-10-21 16:41:07] [webtask] [INFO] CMD_LOG_QUERY|m_tb_telnet|20161021
[2016-10-21 16:47:09] [webtask] [INFO] CMD_LOG_QUERY|m_tb_http_webmail|20161021
[2016-10-21 16:47:35] [webtask] [INFO] CMD_LOG_QUERY|m_tb_http_webmail|20161021
[2016-10-21 16:48:32] [webtask] [INFO] CMD_LOG_QUERY|m_tb_http_webmail|20161021
[2016-10-21 16:48:34] [webtask] [INFO] CMD_LOG_QUERY|m_tb_http_webmail|20161021
[2016-10-21 16:51:59] [webtask] [INFO] CMD_LOG_QUERY|m_tb_telnet|20161021
[2016-10-21 16:52:02] [webtask] [INFO] CMD_LOG_QUERY|m_tb_telnet|20161021
[2016-10-21 16:52:40] [webtask] [INFO] CMD_LOG_QUERY|m_tb_proxy|20161021
[2016-10-21 16:52:42] [webtask] [INFO] CMD_LOG_QUERY|m_tb_proxy|20161021
[2016-10-21 16:52:46] [webtask] [INFO] CMD_LOG_QUERY|m_tb_proxy_overseas|20161021
[2016-10-21 16:52:48] [webtask] [INFO] CMD_LOG_QUERY|m_tb_proxy|20161021
[2016-10-21 16:54:05] [webtask] [INFO] CMD_LOG_QUERY|m_tb_proxy|20161021
[2016-10-21 16:54:07] [webtask] [INFO] CMD_LOG_QUERY|m_tb_proxy|20161021
[2016-10-21 16:54:14] [webtask] [INFO] CMD_LOG_QUERY|m_tb_proxy_overseas|20161021
[2016-10-21 16:54:15] [webtask] [INFO] CMD_LOG_QUERY|m_tb_proxy|20161021
[2016-10-21 16:57:13] [webtask] [INFO] CMD_LOG_QUERY|m_tb_proxy|20161021
[2016-10-21 16:57:15] [webtask] [INFO] CMD_LOG_QUERY|m_tb_proxy|20161021
[2016-10-21 16:57:18] [webtask] [INFO] CMD_LOG_QUERY|m_tb_proxy_overseas|20161021
[2016-10-21 16:57:20] [webtask] [INFO] CMD_LOG_QUERY|m_tb_proxy|20161021
[2016-10-21 16:57:45] [webtask] [INFO] CMD_LOG_QUERY|m_tb_proxy|20161021
[2016-10-21 16:57:48] [webtask] [INFO] CMD_LOG_QUERY|m_tb_proxy_overseas|20161021
[2016-10-21 16:57:49] [webtask] [INFO] CMD_LOG_QUERY|m_tb_proxy|20161021
[2016-10-21 16:59:08] [webtask] [INFO] CMD_LOG_QUERY|m_tb_proxy|20161021
[2016-10-21 16:59:09] [webtask] [INFO] CMD_LOG_QUERY|m_tb_proxy|20161021
[2016-10-21 16:59:13] [webtask] [INFO] CMD_LOG_QUERY|m_tb_proxy_overseas|20161021
[2016-10-21 16:59:15] [webtask] [INFO] CMD_LOG_QUERY|m_tb_proxy|20161021
[2016-10-21 17:00:09] [webtask] [INFO] CMD_LOG_QUERY|m_tb_sql_log|20161021
[2016-10-21 17:00:51] [webtask] [INFO] CMD_LOG_QUERY|m_tb_proxy|20161021
[2016-10-21 17:00:53] [webtask] [INFO] CMD_LOG_QUERY|m_tb_proxy|20161021
[2016-10-21 17:01:47] [webtask] [INFO] CMD_LOG_QUERY|m_tb_proxy|20161021
[2016-10-21 17:01:55] [webtask] [INFO] CMD_LOG_QUERY|m_tb_proxy|20161021
[2016-10-21 17:03:20] [webtask] [INFO] CMD_LOG_QUERY|m_tb_proxy|20161021
[2016-10-21 17:03:23] [webtask] [INFO] CMD_LOG_QUERY|m_tb_proxy|20161021
[2016-10-21 17:04:36] [webtask] [INFO] CMD_LOG_QUERY|m_tb_proxy|20161021
[2016-10-21 17:04:38] [webtask] [INFO] CMD_LOG_QUERY|m_tb_proxy|20161021
[2016-10-21 17:05:33] [webtask] [INFO] CMD_LOG_QUERY|m_tb_proxy|20161021
[2016-10-21 17:05:40] [webtask] [INFO] CMD_LOG_QUERY|m_tb_proxy|20161021
[2016-10-21 17:05:46] [webtask] [INFO] CMD_LOG_QUERY|m_tb_proxy_overseas|20161021
[2016-10-21 17:05:47] [webtask] [INFO] CMD_LOG_QUERY|m_tb_proxy|20161021
[2016-10-21 17:06:15] [webtask] [INFO] CMD_LOG_QUERY|m_tb_proxy|20161021
[2016-10-21 17:08:41] [webtask] [INFO] CMD_LOG_QUERY|m_tb_proxy_overseas|20161021
[2016-10-21 17:08:42] [webtask] [INFO] CMD_LOG_QUERY|m_tb_proxy|20161021
[2016-10-21 17:08:56] [webtask] [INFO] CMD_LOG_QUERY|m_tb_proxy_overseas|20161021
[2016-10-21 17:09:57] [webtask] [INFO] CMD_LOG_QUERY|m_tb_proxy_overseas|20161021
[2016-10-21 17:09:58] [webtask] [INFO] CMD_LOG_QUERY|m_tb_proxy|20161021
[2016-10-21 17:10:04] [webtask] [INFO] CMD_LOG_QUERY|m_tb_proxy|20161021
[2016-10-21 17:10:06] [webtask] [INFO] CMD_LOG_QUERY|m_tb_proxy|20161021
[2016-10-21 17:12:03] [webtask] [INFO] CMD_LOG_QUERY|m_tb_proxy|20161021
[2016-10-21 17:12:05] [webtask] [INFO] CMD_LOG_QUERY|m_tb_proxy|20161021
[2016-10-21 17:12:06] [webtask] [INFO] CMD_LOG_QUERY|m_tb_proxy|20161021
[2016-10-21 17:12:11] [webtask] [INFO] CMD_LOG_QUERY|m_tb_proxy_overseas|20161021
[2016-10-21 17:12:13] [webtask] [INFO] CMD_LOG_QUERY|m_tb_proxy|20161021
[2016-10-21 17:15:22] [webtask] [INFO] CMD_LOG_QUERY|m_tb_proxy|20161021
[2016-10-21 17:15:23] [webtask] [INFO] CMD_LOG_QUERY|m_tb_proxy|20161021
[2016-10-21 17:15:25] [webtask] [INFO] CMD_LOG_QUERY|m_tb_proxy|20161021
[2016-10-21 17:15:33] [webtask] [INFO] CMD_LOG_QUERY|m_tb_proxy_overseas|20161021
[2016-10-21 17:15:35] [webtask] [INFO] CMD_LOG_QUERY|m_tb_proxy|20161021
[2016-10-21 17:15:37] [webtask] [INFO] CMD_LOG_QUERY|m_tb_proxy|20161021
[2016-10-21 17:15:40] [webtask] [INFO] CMD_LOG_QUERY|m_tb_proxy|20161021
[2016-10-21 17:15:43] [webtask] [INFO] CMD_LOG_QUERY|m_tb_proxy_overseas|20161021
[2016-10-21 17:15:44] [webtask] [INFO] CMD_LOG_QUERY|m_tb_proxy_overseas|20161021
[2016-10-21 17:51:58] [webtask] [INFO] CMD_LOG_QUERY|m_tb_proxy|20161021
[2016-10-21 17:52:00] [webtask] [INFO] CMD_LOG_QUERY|m_tb_proxy|20161021
[2016-10-21 17:52:30] [webtask] [INFO] CMD_LOG_QUERY|m_tb_proxy|20161021
[2016-10-21 17:52:33] [webtask] [INFO] CMD_LOG_QUERY|m_tb_proxy|20161021
[2016-10-21 17:52:39] [webtask] [INFO] CMD_LOG_QUERY|m_tb_proxy_overseas|20161021
[2016-10-21 17:52:41] [webtask] [INFO] CMD_LOG_QUERY|m_tb_proxy_overseas|20161021
[2016-10-21 17:54:00] [webtask] [INFO] CMD_LOG_QUERY|m_tb_proxy|20161021
[2016-10-21 17:54:01] [webtask] [INFO] CMD_LOG_QUERY|m_tb_proxy|20161021
[2016-10-21 17:54:06] [webtask] [INFO] CMD_LOG_QUERY|m_tb_proxy_overseas|20161021
[2016-10-21 17:54:09] [webtask] [INFO] CMD_LOG_QUERY|m_tb_proxy_overseas|20161021
[2016-10-21 17:54:26] [webtask] [INFO] CMD_LOG_QUERY|m_tb_game|20161021
[2016-10-21 17:58:27] [webtask] [INFO] CMD_LOG_QUERY|m_tb_proxy|20161021
[2016-10-21 17:58:30] [webtask] [INFO] CMD_LOG_QUERY|m_tb_proxy|20161021
[2016-10-21 17:58:35] [webtask] [INFO] CMD_LOG_QUERY|m_tb_proxy_overseas|20161021
[2016-10-21 17:58:37] [webtask] [INFO] CMD_LOG_QUERY|m_tb_proxy_overseas|20161021
[2016-10-21 18:00:19] [webtask] [INFO] CMD_LOG_QUERY|m_tb_game|20161021
[2016-10-21 18:08:34] [webtask] [INFO] CMD_LOG_QUERY|m_tb_telnet|20161021
[2016-10-21 18:08:40] [webtask] [INFO] CMD_LOG_QUERY|m_tb_telnet|20161021
[2016-10-21 18:08:48] [webtask] [INFO] CMD_LOG_QUERY|m_tb_trojan|20161021
[2016-10-21 18:09:22] [webtask] [INFO] CMD_LOG_QUERY|m_tb_game|20161021
[2016-10-21 18:09:24] [webtask] [INFO] CMD_LOG_QUERY|m_tb_game|20161021
[2016-10-21 18:09:26] [webtask] [INFO] CMD_LOG_QUERY|m_tb_game|20161021
[2016-10-21 18:09:36] [webtask] [INFO] CMD_LOG_QUERY|m_tb_game|20161021
[2016-10-21 18:09:37] [webtask] [INFO] CMD_LOG_QUERY|m_tb_game|20161021
[2016-10-21 18:09:38] [webtask] [INFO] CMD_LOG_QUERY|m_tb_game|20161021
[2016-10-21 18:09:38] [webtask] [INFO] CMD_LOG_QUERY|m_tb_game|20161021
[2016-10-21 18:11:02] [webtask] [INFO] CMD_LOG_QUERY|m_tb_game|20161021
[2016-10-21 18:11:06] [webtask] [INFO] CMD_LOG_QUERY|m_tb_game|20161021
[2016-10-21 18:11:07] [webtask] [INFO] CMD_LOG_QUERY|m_tb_game|20161021
[2016-10-21 18:11:49] [webtask] [INFO] CMD_LOG_QUERY|m_tb_game|20161021
[2016-10-21 18:11:55] [webtask] [INFO] CMD_LOG_QUERY|m_tb_game|20161021
[2016-10-21 18:12:12] [webtask] [INFO] CMD_LOG_QUERY|m_tb_game|20161021
[2016-10-21 18:19:36] [webtask] [INFO] CMD_LOG_QUERY|m_tb_game|20161021
[2016-10-21 18:19:42] [webtask] [INFO] CMD_LOG_QUERY|m_tb_game|20161021
[2016-10-21 18:19:50] [webtask] [INFO] CMD_LOG_QUERY|m_tb_game|20161021
[2016-10-21 18:24:15] [webtask] [INFO] CMD_LOG_QUERY|m_tb_game|20161021
[2016-10-21 18:25:57] [webtask] [INFO] CMD_LOG_QUERY|m_tb_game|20161021
[2016-10-21 18:26:15] [webtask] [INFO] CMD_LOG_QUERY|m_tb_game|20161021
[2016-10-21 18:32:26] [webtask] [INFO] CMD_LOG_QUERY|m_tb_game|20161021
[2016-10-21 18:32:28] [webtask] [INFO] CMD_LOG_QUERY|m_tb_game|20161021
[2016-10-21 18:32:37] [webtask] [INFO] CMD_LOG_QUERY|m_tb_game|20161021
